{"C:\\Users\\João Victor\\Documents\\Projetos\\cleanApiNode\\src\\presentation\\controllers\\signup.ts": {"path":"C:\\Users\\João Victor\\Documents\\Projetos\\cleanApiNode\\src\\presentation\\controllers\\signup.ts","statementMap":{"0":{"start":{"line":3,"column":8},"end":{"line":8,"column":9}},"1":{"start":{"line":4,"column":12},"end":{"line":7,"column":null}},"2":{"start":{"line":9,"column":8},"end":{"line":14,"column":9}},"3":{"start":{"line":10,"column":12},"end":{"line":13,"column":null}},"4":{"start":{"line":1,"column":0},"end":{"line":1,"column":13}}},"fnMap":{"0":{"name":"(anonymous_0)","decl":{"start":{"line":2,"column":4},"end":{"line":2,"column":10}},"loc":{"start":{"line":2,"column":26},"end":{"line":15,"column":5}}}},"branchMap":{"0":{"loc":{"start":{"line":3,"column":8},"end":{"line":8,"column":9}},"type":"if","locations":[{"start":{"line":3,"column":8},"end":{"line":8,"column":9}}]},"1":{"loc":{"start":{"line":9,"column":8},"end":{"line":14,"column":9}},"type":"if","locations":[{"start":{"line":9,"column":8},"end":{"line":14,"column":9}}]}},"s":{"0":2,"1":1,"2":1,"3":1,"4":1},"f":{"0":2},"b":{"0":[1],"1":[1]}}
}
